#
# A fatal error has been detected by the Java Runtime Environment:
#
#  EXCEPTION_ACCESS_VIOLATION (0xc0000005) at pc=0x0000000056822b18, pid=1424, tid=12244
#
# JRE version: Java(TM) SE Runtime Environment (8.0_45-b14) (build 1.8.0_45-b14)
# Java VM: Java HotSpot(TM) 64-Bit Server VM (25.45-b02 mixed mode windows-amd64 compressed oops)
# Problematic frame:
# V  [jvm.dll+0x112b18]
#
# Failed to write core dump. Minidumps are not enabled by default on client versions of Windows
#
# If you would like to submit a bug report, please visit:
#   http://bugreport.java.com/bugreport/crash.jsp
#

---------------  T H R E A D  ---------------

Current thread (0x0000000001e7c000):  GCTaskThread [stack: 0x0000000011e40000,0x0000000011f40000] [id=12244]

siginfo: ExceptionCode=0xc0000005, reading address 0xffffffffffffffff

Registers:
RAX=0x00000000123b0000, RBX=0x0000000080000000, RCX=0x0000000000000000, RDX=0x0000000000000000
RSP=0x0000000011f3f640, RBP=0x00000000c6465e5c, RSI=0x0000000000000003, RDI=0x0000000054e9a6d0
R8 =0x007fffffffe00000, R9 =0x0000000000000003, R10=0x000000000000000c, R11=0x00000000000005ae
R12=0x00000000c6465e70, R13=0x00000000147654f8, R14=0x0000000014765500, R15=0x00000000c6465e30
RIP=0x0000000056822b18, EFLAGS=0x0000000000010246

Top of Stack: (sp=0x0000000011f3f640)
0x0000000011f3f640:   00000000c6465e70 00000000c6465e54
0x0000000011f3f650:   0000000000000003 0000000054e9a6d0
0x0000000011f3f660:   0000000000000000 00000000000003d8
0x0000000011f3f670:   0000000001e7cd48 0000000001e7b010
0x0000000011f3f680:   00000000000005ae 0000000056aff680
0x0000000011f3f690:   0000000055502db0 0000000054e254a0
0x0000000011f3f6a0:   0000000054e9a6d0 0000000001e7c970
0x0000000011f3f6b0:   0000000000000000 0000000000000c00
0x0000000011f3f6c0:   0000000000000000 0000000000000000
0x0000000011f3f6d0:   0000000000000000 000000005be70800
0x0000000011f3f6e0:   0000000001e7c901 0000000001e7c901
0x0000000011f3f6f0:   0000db0314cd481c 0000000001e7cd48
0x0000000011f3f700:   0000000001e7c970 00000000000003d8
0x0000000011f3f710:   0000000001e7c970 0000000001e7b010
0x0000000011f3f720:   0000000001e7c960 0000000054e254a0
0x0000000011f3f730:   0000000054e9a6d0 0000000056afc4d3 

Instructions: (pc=0x0000000056822b18)
0x0000000056822af8:   05 43 15 6f 00 49 c1 e8 03 49 d3 e8 41 0f b6 c0
0x0000000056822b08:   49 c1 e8 06 24 3f 0f b6 d0 48 8b 05 58 15 6f 00
0x0000000056822b18:   4a 8b 0c c0 48 0f a3 d1 0f 82 59 01 00 00 0f b6
0x0000000056822b28:   15 b4 71 6e 00 84 d2 74 16 44 8b 43 08 8b 0d 6d 


Register to memory mapping:

RAX=0x00000000123b0000 is an unknown value
RBX=0x0000000080000000 is an unknown value
RCX=0x0000000000000000 is an unknown value
RDX=0x0000000000000000 is an unknown value
RSP=0x0000000011f3f640 is an unknown value
RBP=0x00000000c6465e5c is pointing into object: 0x00000000c6465e30
com.sencha.tools.compiler.ast.js.Name 
 - klass: 'com/sencha/tools/compiler/ast/js/Name'
RSI=0x0000000000000003 is an unknown value
RDI=0x0000000054e9a6d0 is an unknown value
R8 =0x007fffffffe00000 is an unknown value
R9 =0x0000000000000003 is an unknown value
R10=0x000000000000000c is an unknown value
R11=0x00000000000005ae is an unknown value
R12=0x00000000c6465e70 is an oop
java.util.ArrayList 
 - klass: 'java/util/ArrayList'
R13=0x00000000147654f8 is pointing into metadata
R14=0x0000000014765500 is pointing into metadata
R15=0x00000000c6465e30 is an oop
com.sencha.tools.compiler.ast.js.Name 
 - klass: 'com/sencha/tools/compiler/ast/js/Name'


Stack: [0x0000000011e40000,0x0000000011f40000],  sp=0x0000000011f3f640,  free space=1021k
Native frames: (J=compiled Java code, j=interpreted, Vv=VM code, C=native code)
V  [jvm.dll+0x112b18]
V  [jvm.dll+0x3ef680]
V  [jvm.dll+0x3ec4d3]
V  [jvm.dll+0x3ea33e]
V  [jvm.dll+0x29853a]
C  [MSVCR100.dll+0x21d9f]
C  [MSVCR100.dll+0x21e3b]
C  [kernel32.dll+0x1652d]
C  [ntdll.dll+0x2c521]


---------------  P R O C E S S  ---------------

Java Threads: ( => current thread )
  0x000000005be70800 JavaThread "Thread-28" daemon [_thread_blocked, id=15616, stack(0x0000000062fb0000,0x00000000630b0000)]
  0x000000005be6f800 JavaThread "Thread-27" daemon [_thread_blocked, id=14576, stack(0x0000000060a90000,0x0000000060b90000)]
  0x000000005be6f000 JavaThread "Thread-26" daemon [_thread_in_native, id=15968, stack(0x0000000060930000,0x0000000060a30000)]
  0x000000005be6e000 JavaThread "Thread-24" daemon [_thread_in_native, id=5064, stack(0x000000005f6f0000,0x000000005f7f0000)]
  0x000000005d635000 JavaThread "qtp737527154-30" [_thread_blocked, id=13780, stack(0x000000005c610000,0x000000005c710000)]
  0x000000005d634800 JavaThread "qtp737527154-29" [_thread_blocked, id=11916, stack(0x000000005ec00000,0x000000005ed00000)]
  0x000000005d633800 JavaThread "qtp737527154-28" [_thread_blocked, id=5180, stack(0x000000005e9e0000,0x000000005eae0000)]
  0x000000005d633000 JavaThread "qtp737527154-27" [_thread_blocked, id=13264, stack(0x000000005e870000,0x000000005e970000)]
  0x000000005d632000 JavaThread "qtp737527154-26" [_thread_blocked, id=2132, stack(0x000000005e6c0000,0x000000005e7c0000)]
  0x000000005d631800 JavaThread "qtp737527154-25" [_thread_blocked, id=14188, stack(0x000000005e4d0000,0x000000005e5d0000)]
  0x000000005d630800 JavaThread "qtp737527154-24 Acceptor0 SelectChannelConnector@0.0.0.0:1841" [_thread_in_native, id=15828, stack(0x000000005e3b0000,0x000000005e4b0000)]
  0x000000005d630000 JavaThread "qtp737527154-23 Selector0" [_thread_blocked, id=14540, stack(0x000000005e000000,0x000000005e100000)]
  0x0000000058414000 JavaThread "HashSessionScavenger-2" daemon [_thread_blocked, id=14784, stack(0x000000005e130000,0x000000005e230000)]
  0x000000005be65000 JavaThread "HashSessionScavenger-1" daemon [_thread_blocked, id=15752, stack(0x000000005c710000,0x000000005c810000)]
  0x00000000591d1000 JavaThread "HashSessionScavenger-0" daemon [_thread_blocked, id=14972, stack(0x000000005c510000,0x000000005c610000)]
  0x0000000058a21800 JavaThread "Thread-8" daemon [_thread_in_native, id=12096, stack(0x000000005c820000,0x000000005c920000)]
  0x000000005ba0e000 JavaThread "Thread-7" daemon [_thread_in_native, id=10920, stack(0x000000005dea0000,0x000000005dfa0000)]
  0x0000000058c0d000 JavaThread "Thread-6" daemon [_thread_blocked, id=14956, stack(0x0000000059d40000,0x0000000059e40000)]
  0x00000000586de000 JavaThread "Thread-5" daemon [_thread_blocked, id=2160, stack(0x0000000059e50000,0x0000000059f50000)]
  0x00000000587e1000 JavaThread "Thread-4" daemon [_thread_blocked, id=3420, stack(0x0000000059c40000,0x0000000059d40000)]
  0x00000000584fb000 JavaThread "Thread-3" daemon [_thread_blocked, id=2100, stack(0x0000000059290000,0x0000000059390000)]
  0x0000000058107800 JavaThread "Thread-2" daemon [_thread_blocked, id=15468, stack(0x0000000059660000,0x0000000059760000)]
  0x000000005716d000 JavaThread "Service Thread" daemon [_thread_blocked, id=15904, stack(0x0000000057860000,0x0000000057960000)]
  0x0000000057122000 JavaThread "C1 CompilerThread2" daemon [_thread_blocked, id=14212, stack(0x0000000057570000,0x0000000057670000)]
  0x0000000057100800 JavaThread "C2 CompilerThread1" daemon [_thread_blocked, id=11440, stack(0x00000000576b0000,0x00000000577b0000)]
  0x0000000054fa6800 JavaThread "C2 CompilerThread0" daemon [_thread_blocked, id=12312, stack(0x0000000057000000,0x0000000057100000)]
  0x0000000054fa3800 JavaThread "Attach Listener" daemon [_thread_blocked, id=16260, stack(0x0000000056270000,0x0000000056370000)]
  0x0000000054fa2800 JavaThread "Signal Dispatcher" daemon [_thread_blocked, id=14516, stack(0x00000000565a0000,0x00000000566a0000)]
  0x0000000054f4c000 JavaThread "Finalizer" daemon [_thread_blocked, id=16312, stack(0x0000000056370000,0x0000000056470000)]
  0x0000000054f45000 JavaThread "Reference Handler" daemon [_thread_blocked, id=14732, stack(0x0000000055fa0000,0x00000000560a0000)]
  0x000000000200e800 JavaThread "main" [_thread_blocked, id=4036, stack(0x0000000000060000,0x0000000000160000)]

Other Threads:
  0x0000000054f40000 VMThread [stack: 0x0000000056120000,0x0000000056220000] [id=14764]
  0x000000005717a800 WatcherThread [stack: 0x00000000579b0000,0x0000000057ab0000] [id=16180]

=>0x0000000001e7c000 (exited) GCTaskThread [stack: 0x0000000011e40000,0x0000000011f40000] [id=12244]

VM state:at safepoint (normal execution)

VM Mutex/Monitor currently owned by a thread:  ([mutex/lock_event])
[0x000000000200c610] Threads_lock - owner thread: 0x0000000054f40000
[0x000000000200cb10] Heap_lock - owner thread: 0x000000000200e800

Heap:
 PSYoungGen      total 241152K, used 78570K [0x00000000eab00000, 0x00000000ffa80000, 0x0000000100000000)
  eden space 143872K, 0% used [0x00000000eab00000,0x00000000eab00000,0x00000000f3780000)
  from space 97280K, 80% used [0x00000000f9b80000,0x00000000fe83a820,0x00000000ffa80000)
  to   space 99840K, 0% used [0x00000000f3780000,0x00000000f3780000,0x00000000f9900000)
 ParOldGen       total 346112K, used 334657K [0x00000000c0000000, 0x00000000d5200000, 0x00000000eab00000)
  object space 346112K, 96% used [0x00000000c0000000,0x00000000d46d0510,0x00000000d5200000)
 Metaspace       used 37058K, capacity 39344K, committed 39680K, reserved 1083392K
  class space    used 4115K, capacity 5013K, committed 5120K, reserved 1048576K

Card table byte_map: [0x0000000011aa0000,0x0000000011cb0000] byte_map_base: 0x00000000114a0000

Marking Bits: (ParMarkBitMap*) 0x0000000056f14040
 Begin Bits: [0x00000000123b0000, 0x00000000133b0000)
 End Bits:   [0x00000000133b0000, 0x00000000143b0000)

Polling page: 0x0000000000220000

CodeCache: size=245760Kb used=37762Kb max_used=37771Kb free=207997Kb
 bounds [0x00000000026e0000, 0x0000000004c00000, 0x00000000116e0000]
 total_blobs=10168 nmethods=9679 adapters=399
 compilation: enabled

Compilation events (10 events):
Event: 2379.875 Thread 0x0000000057122000 12771       3       com.sencha.tools.compiler.sources.Dependency::<init> (63 bytes)
Event: 2379.876 Thread 0x0000000057122000 nmethod 12771 0x000000000425b990 code [0x000000000425bb20, 0x000000000425bf30]
Event: 2379.882 Thread 0x0000000057122000 12772       3       sun.util.locale.LanguageTag::getVariants (24 bytes)
Event: 2379.883 Thread 0x0000000057122000 nmethod 12772 0x0000000004bf25d0 code [0x0000000004bf27e0, 0x0000000004bf3228]
Event: 2379.887 Thread 0x0000000057122000 12773       3       jdk.internal.org.objectweb.asm.ClassWriter::visitEnd (1 bytes)
Event: 2379.888 Thread 0x0000000057122000 nmethod 12773 0x0000000003b415d0 code [0x0000000003b41720, 0x0000000003b41870]
Event: 2379.929 Thread 0x0000000054fa6800 12774       4       java.lang.AbstractStringBuilder::substring (62 bytes)
Event: 2379.934 Thread 0x0000000054fa6800 nmethod 12774 0x0000000003ea8810 code [0x0000000003ea8960, 0x0000000003ea8cb8]
Event: 2379.935 Thread 0x0000000057100800 12775       4       jdk.nashorn.internal.runtime.JSType::toNumberGeneric (95 bytes)
Event: 2379.947 Thread 0x0000000057100800 nmethod 12775 0x0000000004bf4f50 code [0x0000000004bf5100, 0x0000000004bf5558]

GC Heap History (10 events):
Event: 2349.559 GC heap after
Heap after GC invocations=51 (full 3):
 PSYoungGen      total 241152K, used 84213K [0x00000000eab00000, 0x00000000fff00000, 0x0000000100000000)
  eden space 137216K, 0% used [0x00000000eab00000,0x00000000eab00000,0x00000000f3100000)
  from space 103936K, 81% used [0x00000000f9700000,0x00000000fe93d4d0,0x00000000ffc80000)
  to   space 104448K, 0% used [0x00000000f3100000,0x00000000f3100000,0x00000000f9700000)
 ParOldGen       total 346112K, used 311947K [0x00000000c0000000, 0x00000000d5200000, 0x00000000eab00000)
  object space 346112K, 90% used [0x00000000c0000000,0x00000000d30a2c00,0x00000000d5200000)
 Metaspace       used 36726K, capacity 38872K, committed 39040K, reserved 1083392K
  class space    used 4098K, capacity 4959K, committed 4992K, reserved 1048576K
}
Event: 2350.716 GC heap before
{Heap before GC invocations=52 (full 3):
 PSYoungGen      total 241152K, used 221429K [0x00000000eab00000, 0x00000000fff00000, 0x0000000100000000)
  eden space 137216K, 100% used [0x00000000eab00000,0x00000000f3100000,0x00000000f3100000)
  from space 103936K, 81% used [0x00000000f9700000,0x00000000fe93d4d0,0x00000000ffc80000)
  to   space 104448K, 0% used [0x00000000f3100000,0x00000000f3100000,0x00000000f9700000)
 ParOldGen       total 346112K, used 311947K [0x00000000c0000000, 0x00000000d5200000, 0x00000000eab00000)
  object space 346112K, 90% used [0x00000000c0000000,0x00000000d30a2c00,0x00000000d5200000)
 Metaspace       used 36795K, capacity 38972K, committed 39040K, reserved 1083392K
  class space    used 4106K, capacity 4977K, committed 4992K, reserved 1048576K
Event: 2350.875 GC heap after
Heap after GC invocations=52 (full 3):
 PSYoungGen      total 241664K, used 79229K [0x00000000eab00000, 0x00000000ffc80000, 0x0000000100000000)
  eden space 137216K, 0% used [0x00000000eab00000,0x00000000eab00000,0x00000000f3100000)
  from space 104448K, 75% used [0x00000000f3100000,0x00000000f7e5f490,0x00000000f9700000)
  to   space 102400K, 0% used [0x00000000f9880000,0x00000000f9880000,0x00000000ffc80000)
 ParOldGen       total 346112K, used 320899K [0x00000000c0000000, 0x00000000d5200000, 0x00000000eab00000)
  object space 346112K, 92% used [0x00000000c0000000,0x00000000d3960d68,0x00000000d5200000)
 Metaspace       used 36795K, capacity 38972K, committed 39040K, reserved 1083392K
  class space    used 4106K, capacity 4977K, committed 4992K, reserved 1048576K
}
Event: 2366.853 GC heap before
{Heap before GC invocations=53 (full 3):
 PSYoungGen      total 241664K, used 216445K [0x00000000eab00000, 0x00000000ffc80000, 0x0000000100000000)
  eden space 137216K, 100% used [0x00000000eab00000,0x00000000f3100000,0x00000000f3100000)
  from space 104448K, 75% used [0x00000000f3100000,0x00000000f7e5f490,0x00000000f9700000)
  to   space 102400K, 0% used [0x00000000f9880000,0x00000000f9880000,0x00000000ffc80000)
 ParOldGen       total 346112K, used 320899K [0x00000000c0000000, 0x00000000d5200000, 0x00000000eab00000)
  object space 346112K, 92% used [0x00000000c0000000,0x00000000d3960d68,0x00000000d5200000)
 Metaspace       used 36929K, capacity 39170K, committed 39296K, reserved 1083392K
  class space    used 4110K, capacity 4991K, committed 4992K, reserved 1048576K
Event: 2366.975 GC heap after
Heap after GC invocations=53 (full 3):
 PSYoungGen      total 242688K, used 84621K [0x00000000eab00000, 0x00000000fff00000, 0x0000000100000000)
  eden space 140288K, 0% used [0x00000000eab00000,0x00000000eab00000,0x00000000f3400000)
  from space 102400K, 82% used [0x00000000f9880000,0x00000000feb23640,0x00000000ffc80000)
  to   space 102912K, 0% used [0x00000000f3400000,0x00000000f3400000,0x00000000f9880000)
 ParOldGen       total 346112K, used 323028K [0x00000000c0000000, 0x00000000d5200000, 0x00000000eab00000)
  object space 346112K, 93% used [0x00000000c0000000,0x00000000d3b75148,0x00000000d5200000)
 Metaspace       used 36929K, capacity 39170K, committed 39296K, reserved 1083392K
  class space    used 4110K, capacity 4991K, committed 4992K, reserved 1048576K
}
Event: 2368.420 GC heap before
{Heap before GC invocations=54 (full 3):
 PSYoungGen      total 242688K, used 224909K [0x00000000eab00000, 0x00000000fff00000, 0x0000000100000000)
  eden space 140288K, 100% used [0x00000000eab00000,0x00000000f3400000,0x00000000f3400000)
  from space 102400K, 82% used [0x00000000f9880000,0x00000000feb23640,0x00000000ffc80000)
  to   space 102912K, 0% used [0x00000000f3400000,0x00000000f3400000,0x00000000f9880000)
 ParOldGen       total 346112K, used 323028K [0x00000000c0000000, 0x00000000d5200000, 0x00000000eab00000)
  object space 346112K, 93% used [0x00000000c0000000,0x00000000d3b75148,0x00000000d5200000)
 Metaspace       used 36968K, capacity 39200K, committed 39424K, reserved 1083392K
  class space    used 4111K, capacity 4997K, committed 5120K, reserved 1048576K
Event: 2368.510 GC heap after
Heap after GC invocations=54 (full 3):
 PSYoungGen      total 243200K, used 82697K [0x00000000eab00000, 0x00000000fff80000, 0x0000000100000000)
  eden space 140288K, 0% used [0x00000000eab00000,0x00000000eab00000,0x00000000f3400000)
  from space 102912K, 80% used [0x00000000f3400000,0x00000000f84c26c0,0x00000000f9880000)
  to   space 102400K, 0% used [0x00000000f9b80000,0x00000000f9b80000,0x00000000fff80000)
 ParOldGen       total 346112K, used 327701K [0x00000000c0000000, 0x00000000d5200000, 0x00000000eab00000)
  object space 346112K, 94% used [0x00000000c0000000,0x00000000d4005758,0x00000000d5200000)
 Metaspace       used 36968K, capacity 39200K, committed 39424K, reserved 1083392K
  class space    used 4111K, capacity 4997K, committed 5120K, reserved 1048576K
}
Event: 2379.954 GC heap before
{Heap before GC invocations=55 (full 3):
 PSYoungGen      total 243200K, used 222985K [0x00000000eab00000, 0x00000000fff80000, 0x0000000100000000)
  eden space 140288K, 100% used [0x00000000eab00000,0x00000000f3400000,0x00000000f3400000)
  from space 102912K, 80% used [0x00000000f3400000,0x00000000f84c26c0,0x00000000f9880000)
  to   space 102400K, 0% used [0x00000000f9b80000,0x00000000f9b80000,0x00000000fff80000)
 ParOldGen       total 346112K, used 327701K [0x00000000c0000000, 0x00000000d5200000, 0x00000000eab00000)
  object space 346112K, 94% used [0x00000000c0000000,0x00000000d4005758,0x00000000d5200000)
 Metaspace       used 37058K, capacity 39344K, committed 39680K, reserved 1083392K
  class space    used 4115K, capacity 5013K, committed 5120K, reserved 1048576K
Event: 2380.048 GC heap after
Heap after GC invocations=55 (full 3):
 PSYoungGen      total 241152K, used 78570K [0x00000000eab00000, 0x00000000ffa80000, 0x0000000100000000)
  eden space 143872K, 0% used [0x00000000eab00000,0x00000000eab00000,0x00000000f3780000)
  from space 97280K, 80% used [0x00000000f9b80000,0x00000000fe83a820,0x00000000ffa80000)
  to   space 99840K, 0% used [0x00000000f3780000,0x00000000f3780000,0x00000000f9900000)
 ParOldGen       total 346112K, used 334657K [0x00000000c0000000, 0x00000000d5200000, 0x00000000eab00000)
  object space 346112K, 96% used [0x00000000c0000000,0x00000000d46d0510,0x00000000d5200000)
 Metaspace       used 37058K, capacity 39344K, committed 39680K, reserved 1083392K
  class space    used 4115K, capacity 5013K, committed 5120K, reserved 1048576K
}
Event: 2380.048 GC heap before
{Heap before GC invocations=56 (full 4):
 PSYoungGen      total 241152K, used 78570K [0x00000000eab00000, 0x00000000ffa80000, 0x0000000100000000)
  eden space 143872K, 0% used [0x00000000eab00000,0x00000000eab00000,0x00000000f3780000)
  from space 97280K, 80% used [0x00000000f9b80000,0x00000000fe83a820,0x00000000ffa80000)
  to   space 99840K, 0% used [0x00000000f3780000,0x00000000f3780000,0x00000000f9900000)
 ParOldGen       total 346112K, used 334657K [0x00000000c0000000, 0x00000000d5200000, 0x00000000eab00000)
  object space 346112K, 96% used [0x00000000c0000000,0x00000000d46d0510,0x00000000d5200000)
 Metaspace       used 37058K, capacity 39344K, committed 39680K, reserved 1083392K
  class space    used 4115K, capacity 5013K, committed 5120K, reserved 1048576K

Deoptimization events (10 events):
Event: 969.949 Thread 0x000000000200e800 Uncommon trap: reason=unhandled action=reinterpret pc=0x0000000004836570 method=java.lang.invoke.CallSite.<init>(Ljava/lang/invoke/MethodHandle;)V @ 11
Event: 1020.170 Thread 0x000000000200e800 Uncommon trap: reason=null_check action=make_not_entrant pc=0x0000000004449304 method=org.apache.tools.ant.taskdefs.MacroDef.addConfiguredAttribute(Lorg/apache/tools/ant/taskdefs/MacroDef$Attribute;)V @ 25
Event: 1022.526 Thread 0x000000000200e800 Uncommon trap: reason=unstable_if action=reinterpret pc=0x0000000002af7f58 method=java.lang.invoke.MethodType$ConcurrentWeakInternSet$WeakEntry.equals(Ljava/lang/Object;)Z @ 21
Event: 1022.526 Thread 0x000000000200e800 Uncommon trap: reason=unstable_if action=reinterpret pc=0x00000000028637ac method=java.lang.invoke.MethodType$ConcurrentWeakInternSet$WeakEntry.equals(Ljava/lang/Object;)Z @ 21
Event: 1222.563 Thread 0x000000000200e800 Uncommon trap: reason=unstable_if action=reinterpret pc=0x0000000002ad8f8c method=java.lang.invoke.MethodType$ConcurrentWeakInternSet$WeakEntry.equals(Ljava/lang/Object;)Z @ 21
Event: 1222.607 Thread 0x000000000200e800 Uncommon trap: reason=unhandled action=reinterpret pc=0x0000000003d077a8 method=java.lang.invoke.CallSite.<init>(Ljava/lang/invoke/MethodType;)V @ 10
Event: 1223.107 Thread 0x000000000200e800 Uncommon trap: reason=null_check action=make_not_entrant pc=0x000000000392f2e0 method=jdk.internal.dynalink.support.TypeUtilities.isConvertibleWithoutLoss(Ljava/lang/Class;Ljava/lang/Class;)Z @ 2
Event: 1225.121 Thread 0x000000000200e800 Uncommon trap: reason=unstable_if action=reinterpret pc=0x0000000004933cd0 method=jdk.nashorn.internal.runtime.ScriptObject.hasProperty(Ljava/lang/String;Z)Z @ 23
Event: 1264.758 Thread 0x000000000200e800 Uncommon trap: reason=unhandled action=reinterpret pc=0x00000000049a08e0 method=java.lang.invoke.CallSite.<init>(Ljava/lang/invoke/MethodHandle;)V @ 11
Event: 2348.704 Thread 0x000000000200e800 Uncommon trap: reason=unhandled action=reinterpret pc=0x0000000002b18f24 method=java.lang.invoke.CallSite.<init>(Ljava/lang/invoke/MethodHandle;)V @ 11

Internal exceptions (10 events):
Event: 460.352 Thread 0x000000000200e800 Implicit null exception at 0x0000000002be8b98 to 0x0000000002be8c25
Event: 461.764 Thread 0x000000000200e800 Implicit null exception at 0x0000000003d685df to 0x0000000003d6c1d1
Event: 724.697 Thread 0x000000000200e800 Implicit null exception at 0x0000000003420887 to 0x0000000003421ce9
Event: 969.949 Thread 0x000000000200e800 Implicit null exception at 0x0000000004834752 to 0x0000000004836559
Event: 1020.170 Thread 0x000000000200e800 Implicit null exception at 0x0000000004448b3b to 0x00000000044492f1
Event: 1022.526 Thread 0x000000000200e800 Implicit null exception at 0x0000000002af6780 to 0x0000000002af7f15
Event: 1022.526 Thread 0x000000000200e800 Implicit null exception at 0x000000000286355a to 0x0000000002863795
Event: 1222.563 Thread 0x000000000200e800 Implicit null exception at 0x0000000002ad8304 to 0x0000000002ad8f61
Event: 1264.758 Thread 0x000000000200e800 Implicit null exception at 0x000000000499eacf to 0x00000000049a08c9
Event: 2348.704 Thread 0x000000000200e800 Implicit null exception at 0x0000000002b1710f to 0x0000000002b18f0d

Events (10 events):
Event: 2379.926 loading class java/lang/self done
Event: 2379.926 loading class com/sencha
Event: 2379.926 loading class com/sencha done
Event: 2379.926 loading class java/lang/JavaPackage
Event: 2379.926 loading class java/lang/JavaPackage done
Event: 2379.926 loading class com/sencha/util
Event: 2379.926 loading class com/sencha/util done
Event: 2379.927 loading class java/lang/PathUtil
Event: 2379.927 loading class java/lang/PathUtil done
Event: 2379.954 Executing VM operation: ParallelGCFailedAllocation


Dynamic libraries:
0x000000013f660000 - 0x000000013f6cb000 	C:\Users\Akhidurin\bin\Sencha\Cmd\7.1.0.15\sencha.exe
0x0000000077bd0000 - 0x0000000077d79000 	C:\Windows\SYSTEM32\ntdll.dll
0x00000000779b0000 - 0x0000000077acf000 	C:\Windows\system32\kernel32.dll
0x000007fefde80000 - 0x000007fefdeec000 	C:\Windows\system32\KERNELBASE.dll
0x0000000077ad0000 - 0x0000000077bca000 	C:\Windows\system32\USER32.dll
0x000007feffe60000 - 0x000007feffec7000 	C:\Windows\system32\GDI32.dll
0x000007fefee00000 - 0x000007fefee0e000 	C:\Windows\system32\LPK.dll
0x000007fefe3f0000 - 0x000007fefe4b9000 	C:\Windows\system32\USP10.dll
0x000007fefe980000 - 0x000007fefea1f000 	C:\Windows\system32\msvcrt.dll
0x000007fefe4c0000 - 0x000007fefe59b000 	C:\Windows\system32\ADVAPI32.dll
0x000007fefdef0000 - 0x000007fefdf0f000 	C:\Windows\SYSTEM32\sechost.dll
0x000007fefeac0000 - 0x000007fefebed000 	C:\Windows\system32\RPCRT4.dll
0x000007fefc1e0000 - 0x000007fefc3d4000 	C:\Windows\WinSxS\amd64_microsoft.windows.common-controls_6595b64144ccf1df_6.0.7601.17514_none_fa396087175ac9ac\COMCTL32.dll
0x000007feffde0000 - 0x000007feffe51000 	C:\Windows\system32\SHLWAPI.dll
0x000007fefe0b0000 - 0x000007fefe0de000 	C:\Windows\system32\IMM32.DLL
0x000007fefee10000 - 0x000007fefef19000 	C:\Windows\system32\MSCTF.dll
0x0000000056710000 - 0x0000000056f93000 	c:\users\akhidurin\bin\sencha\cmd\7.1.0.15\jre\bin\server\jvm.dll
0x000007fef4760000 - 0x000007fef4769000 	C:\Windows\system32\WSOCK32.dll
0x000007feffd30000 - 0x000007feffd7d000 	C:\Windows\system32\WS2_32.dll
0x000007feffed0000 - 0x000007feffed8000 	C:\Windows\system32\NSI.dll
0x000007fefac40000 - 0x000007fefac7b000 	C:\Windows\system32\WINMM.dll
0x000007fefcc80000 - 0x000007fefcc8c000 	C:\Windows\system32\VERSION.dll
0x0000000077d90000 - 0x0000000077d97000 	C:\Windows\system32\PSAPI.DLL
0x000000005f320000 - 0x000000005f3f2000 	C:\Windows\system32\MSVCR100.dll
0x0000000074070000 - 0x000000007407f000 	c:\users\akhidurin\bin\sencha\cmd\7.1.0.15\jre\bin\verify.dll
0x0000000069de0000 - 0x0000000069e09000 	c:\users\akhidurin\bin\sencha\cmd\7.1.0.15\jre\bin\java.dll
0x0000000069e20000 - 0x0000000069e36000 	c:\users\akhidurin\bin\sencha\cmd\7.1.0.15\jre\bin\zip.dll
0x000007fefefa0000 - 0x000007feffd28000 	C:\Windows\system32\SHELL32.dll
0x000007fefebf0000 - 0x000007fefedf3000 	C:\Windows\system32\ole32.dll
0x000007fefdb20000 - 0x000007fefdb2f000 	C:\Windows\system32\profapi.dll
0x000007fefa600000 - 0x000007fefa609000 	C:\Users\Akhidurin\AppData\Local\Temp\jansi-64-1.9.dll
0x0000000075830000 - 0x00000000758d3000 	C:\Windows\WinSxS\amd64_microsoft.vc90.crt_1fc8b3b9a1e18e3b_9.0.30729.6161_none_08e61857a83bc251\MSVCR90.dll
0x000000006b9f0000 - 0x000000006ba0a000 	C:\Users\Akhidurin\bin\Sencha\Cmd\7.1.0.15\jre\bin\net.dll
0x000007fefd390000 - 0x000007fefd3e5000 	C:\Windows\system32\mswsock.dll
0x000007fefd380000 - 0x000007fefd387000 	C:\Windows\System32\wship6.dll
0x0000000069dc0000 - 0x0000000069dd1000 	C:\Users\Akhidurin\bin\Sencha\Cmd\7.1.0.15\jre\bin\nio.dll
0x000007fefd3f0000 - 0x000007fefd408000 	C:\Windows\system32\CRYPTSP.dll
0x000007fefd0f0000 - 0x000007fefd137000 	C:\Windows\system32\rsaenh.dll
0x000007fefce60000 - 0x000007fefce7e000 	C:\Windows\system32\USERENV.dll
0x000007fefda50000 - 0x000007fefda5f000 	C:\Windows\system32\CRYPTBASE.dll
0x000007fefbe90000 - 0x000007fefbeb7000 	C:\Windows\system32\IPHLPAPI.DLL
0x000007fefbe80000 - 0x000007fefbe8b000 	C:\Windows\system32\WINNSI.DLL
0x000007fefbc90000 - 0x000007fefbca8000 	C:\Windows\system32\dhcpcsvc.DLL
0x000007fefbc70000 - 0x000007fefbc81000 	C:\Windows\system32\dhcpcsvc6.DLL
0x000007fefd9f0000 - 0x000007fefda47000 	C:\Windows\system32\apphelp.dll
0x0000000180000000 - 0x0000000180038000 	C:\Users\Akhidurin\AppData\Local\Temp\jna-1189802747\jna5316757533427830397.dll
0x000007fef4cb0000 - 0x000007fef4dd5000 	C:\Windows\system32\dbghelp.dll

VM Arguments:
jvm_args: -Dexe4j.semaphoreName=Local\c:_users_akhidurin_bin_sencha_cmd_7.1.0.15_sencha.exe0 -Dexe4j.isInstall4j=true -Dexe4j.moduleName=C:\Users\Akhidurin\bin\Sencha\Cmd\7.1.0.15\sencha.exe -Dexe4j.tempDir= -Dexe4j.unextractedPosition=0 -Djava.library.path=C:\Oracle\instantclient_12_2;C:\xampp\php;C:\ProgramData\ComposerSetup\bin;C:\Program Files\Git\cmd;C:\Users\Akhidurin\bin\Sencha\Cmd\7.1.0.15;c:\users\akhidurin\bin\sencha\cmd\7.1.0.15\jre\bin -Dexe4j.consoleCodepage=cp437 -Dinstall4j.launcherId=159 -Dinstall4j.swt=false -Xms128m -Xmx1024m -Dapple.awt.UIElement=true 
java_command: C:\Users\Akhidurin\bin\Sencha\Cmd\7.1.0.15\sencha.exe
java_class_path (initial): C:\Users\Akhidurin\bin\Sencha\Cmd\7.1.0.15\.install4j\i4jruntime.jar;C:\Users\Akhidurin\bin\Sencha\Cmd\7.1.0.15\.\sencha.jar;
Launcher Type: generic

Environment Variables:
PATH=C:\Oracle\instantclient_12_2;C:\xampp\php;C:\ProgramData\ComposerSetup\bin;C:\Program Files\Git\cmd;C:\Users\Akhidurin\bin\Sencha\Cmd\7.1.0.15;c:\users\akhidurin\bin\sencha\cmd\7.1.0.15\jre\bin
USERNAME=Akhidurin
OS=Windows_NT
PROCESSOR_IDENTIFIER=Intel64 Family 6 Model 42 Stepping 7, GenuineIntel



---------------  S Y S T E M  ---------------

OS: Windows 7 , 64 bit Build 7601 (6.1.7601.17617)

CPU:total 4 (2 cores per cpu, 2 threads per core) family 6 model 42 stepping 7, cmov, cx8, fxsr, mmx, sse, sse2, sse3, ssse3, sse4.1, sse4.2, popcnt, avx, aes, clmul, ht, tsc, tscinvbit

Memory: 4k page, physical 8297200k(2704956k free), swap 16592544k(10833636k free)

vm_info: Java HotSpot(TM) 64-Bit Server VM (25.45-b02) for windows-amd64 JRE (1.8.0_45-b14), built on Apr 10 2015 10:34:15 by "java_re" with MS VC++ 10.0 (VS2010)

time: Tue Feb 04 10:06:13 2020
elapsed time: 2380 seconds (0d 0h 39m 40s)

